<?xml version="1.0" encoding="UTF-8"?>
<!-- Generated by org.testng.reporters.JUnitReportReporter -->
<testsuite skipped="0" hostname="DESKTOP-V44DFGB" name="githubAPItests.Test1" tests="10" failures="0" timestamp="26 Nov 2019 05:42:35 GMT" time="4.757" errors="0">
  <testcase name="authorizeduUserGivenFirstPageAndOnePerPageOwnerLoginVerificationByUsingParamater" time="0.340" classname="githubAPItests.Test1"/>
  <testcase name="unauthorizedUserAttamptStatusCodeVerification" time="0.253" classname="githubAPItests.Test1"/>
  <testcase name="authorizeduUserGivenFirstPageAndOnePerPageOwnerIDVerificationByUsingParamater" time="0.318" classname="githubAPItests.Test1"/>
  <testcase name="authorizeduUserGivenSecondPageItwillreturnZeroRepoObjectVerificationByUsingParamater" time="0.306" classname="githubAPItests.Test1"/>
  <testcase name="unauthorizedUserAttamptMessageVerificationVerification" time="0.244" classname="githubAPItests.Test1"/>
  <testcase name="unauthorizedUserAttamptdocumentation_urlVerificationVerification" time="0.245" classname="githubAPItests.Test1"/>
  <testcase name="authorizationUserFullNameReposVerification" time="1.990" classname="githubAPItests.Test1"/>
  <testcase name="authorizedUserStatusCodeVerification" time="0.397" classname="githubAPItests.Test1"/>
  <testcase name="authorizeduUserGivenfirstPageandFourPerPageItwillreturnFourRepoObjectVerifiationByUsingParamaters" time="0.364" classname="githubAPItests.Test1"/>
  <testcase name="authorizeduUserGivenfirstPageandOnePerPageItwillreturnOneRepoObjectVerificationByUsingParamaters" time="0.300" classname="githubAPItests.Test1"/>
</testsuite> <!-- githubAPItests.Test1 -->
