<?xml version="1.0" encoding="UTF-8"?>
<!-- Generated by org.testng.reporters.JUnitReportReporter -->
<testsuite skipped="0" hostname="DESKTOP-V44DFGB" name="githubAPItests.Test1" tests="10" failures="0" timestamp="25 Nov 2019 18:48:49 GMT" time="7.108" errors="0">
  <testcase name="authorizeduUserGivenFirstPageAndOnePerPageOwnerLoginVerificationByUsingParamater" time="0.315" classname="githubAPItests.Test1"/>
  <testcase name="unauthorizedUserAttamptStatusCodeVerification" time="0.231" classname="githubAPItests.Test1"/>
  <testcase name="authorizeduUserGivenFirstPageAndOnePerPageOwnerIDVerificationByUsingParamater" time="0.322" classname="githubAPItests.Test1"/>
  <testcase name="authorizeduUserGivenSecondPageItwillreturnZeroRepoObjectVerificationByUsingParamater" time="0.305" classname="githubAPItests.Test1"/>
  <testcase name="unauthorizedUserAttamptMessageVerificationVerification" time="0.250" classname="githubAPItests.Test1"/>
  <testcase name="unauthorizedUserAttamptdocumentation_urlVerificationVerification" time="0.229" classname="githubAPItests.Test1"/>
  <testcase name="authorizationUserFullNameReposVerification" time="4.212" classname="githubAPItests.Test1"/>
  <testcase name="authorizedUserStatusCodeVerification" time="0.582" classname="githubAPItests.Test1"/>
  <testcase name="authorizeduUserGivenfirstPageandFourPerPageItwillreturnFourRepoObjectVerifiationByUsingParamaters" time="0.338" classname="githubAPItests.Test1"/>
  <testcase name="authorizeduUserGivenfirstPageandOnePerPageItwillreturnOneRepoObjectVerificationByUsingParamaters" time="0.324" classname="githubAPItests.Test1"/>
</testsuite> <!-- githubAPItests.Test1 -->
